生成启动时间为 2021/8/16 19:56:53。
日志记录详细程度设置为: Normal。     1>项目“E:\learn\TinyRpc\TinyRpc\TinyRpc.vcxproj”在节点 2 上(Build 个目标)。
     1>InitializeBuildStatus:
         正在对“Debug\TinyRpc.tlog\unsuccessfulbuild”执行 Touch 任务。
       ClCompile:
         C:\Program Files (x86)\Microsoft Visual Studio\2019\Community\VC\Tools\MSVC\14.29.30037\bin\HostX86\x86\CL.exe /c /ZI /JMC /nologo /W3 /WX- /diagnostics:column /sdl /Od /Oy- /D WIN32 /D _DEBUG /D _CONSOLE /D _UNICODE /D UNICODE /Gm- /EHsc /RTC1 /MDd /GS /fp:precise /permissive- /Zc:wchar_t /Zc:forScope /Zc:inline /Fo"Debug\\" /Fd"Debug\vc142.pdb" /external:W3 /Gd /TP /analyze- /FC /errorReport:prompt main.cpp
         main.cpp
       Link:
         C:\Program Files (x86)\Microsoft Visual Studio\2019\Community\VC\Tools\MSVC\14.29.30037\bin\HostX86\x86\link.exe /ERRORREPORT:PROMPT /OUT:"E:\learn\TinyRpc\Debug\TinyRpc.exe" /INCREMENTAL:NO /NOLOGO /LIBPATH:E:\learn\TinyRpc\TinyRpc\depends\lib E:\learn\TinyRpc\TinyRpc\depends\lib\libzmq.lib kernel32.lib user32.lib gdi32.lib winspool.lib comdlg32.lib advapi32.lib shell32.lib ole32.lib oleaut32.lib uuid.lib odbc32.lib odbccp32.lib /MANIFEST /MANIFESTUAC:"level='asInvoker' uiAccess='false'" /manifest:embed /DEBUG /PDB:"E:\learn\TinyRpc\Debug\TinyRpc.pdb" /SUBSYSTEM:CONSOLE /TLBID:1 /DYNAMICBASE /NXCOMPAT /IMPLIB:"E:\learn\TinyRpc\Debug\TinyRpc.lib" /MACHINE:X86 Debug\main.obj
     1>main.obj : warning LNK4075: 忽略“/EDITANDCONTINUE”(由于“/INCREMENTAL:NO”规范)
         TinyRpc.vcxproj -> E:\learn\TinyRpc\Debug\TinyRpc.exe
       FinalizeBuildStatus:
         正在删除文件“Debug\TinyRpc.tlog\unsuccessfulbuild”。
         正在对“Debug\TinyRpc.tlog\TinyRpc.lastbuildstate”执行 Touch 任务。
     1>已完成生成项目“E:\learn\TinyRpc\TinyRpc\TinyRpc.vcxproj”(Build 个目标)的操作。

已成功生成。

       “E:\learn\TinyRpc\TinyRpc\TinyRpc.vcxproj”(Build 目标) (1) ->
       (Link 目标) -> 
         main.obj : warning LNK4075: 忽略“/EDITANDCONTINUE”(由于“/INCREMENTAL:NO”规范)

    1 个警告
    0 个错误

已用时间 00:00:01.51
